
Showing logs for build [32mcb-kubecd-environment-pr-158-37-l76mw-1[0m stage [32mfrom-build-pack[0m and container [32mstep-credential-initializer-nggk8[0m
{"level":"warn","ts":1581771301.7540317,"logger":"fallback-logger","caller":"logging/config.go:69","msg":"Fetch GitHub commit ID from kodata failed: \"ref: refs/heads/0.8.0-**-support-backwards-incompats\" is not a valid GitHub commit ID"}
{"level":"info","ts":1581771301.754956,"logger":"fallback-logger","caller":"creds-init/main.go:40","msg":"Credentials initialized."}

Showing logs for build [32mcb-kubecd-environment-pr-158-37-l76mw-1[0m stage [32mfrom-build-pack[0m and container [32mstep-working-dir-initializer-6trgk[0m
{"level":"warn","ts":1581771302.6268523,"logger":"fallback-logger","caller":"logging/config.go:69","msg":"Fetch GitHub commit ID from kodata failed: open /var/run/ko/HEAD: no such file or directory"}
{"level":"info","ts":1581771302.6283462,"logger":"fallback-logger","caller":"bash/main.go:64","msg":"Successfully executed command \"sh -c mkdir -p /workspace/source\"; output "}

Showing logs for build [32mcb-kubecd-environment-pr-158-37-l76mw-1[0m stage [32mfrom-build-pack[0m and container [32mstep-place-tools[0m

Showing logs for build [32mcb-kubecd-environment-pr-158-37-l76mw-1[0m stage [32mfrom-build-pack[0m and container [32mstep-git-source-cb-kubecd-environment-pr-158-37-l76mw-mhrb9[0m
{"level":"warn","ts":1581771307.824445,"logger":"fallback-logger","caller":"logging/config.go:69","msg":"Fetch GitHub commit ID from kodata failed: \"ref: refs/heads/0.8.0-**-support-backwards-incompats\" is not a valid GitHub commit ID"}
{"level":"info","ts":1581771308.8727624,"logger":"fallback-logger","caller":"git/git.go:103","msg":"Successfully cloned https://github.com/cb-kubecd/environment-pr-158-37-gke-upgrade-production.git @ master in path /workspace/source"}

Showing logs for build [32mcb-kubecd-environment-pr-158-37-l76mw-1[0m stage [32mfrom-build-pack[0m and container [32mstep-git-merge[0m
Using SHAs from PULL_REFS=master:24e87e26927575ad69652213fdc75aa24fa2ebdd,1:aab6ce7685d6b903f00148ebfdb9c32591506a0d
DEBUG: LC_ALL=C JX_LOG_LEVEL=error git fetch origin --unshallow aab6ce7685d6b903f00148ebfdb9c32591506a0d: 24e87e26927575ad69652213fdc75aa24fa2ebdd:
DEBUG: ran git fetch --unshallow origin aab6ce7685d6b903f00148ebfdb9c32591506a0d: 24e87e26927575ad69652213fdc75aa24fa2ebdd: in 
DEBUG: LC_ALL=C JX_LOG_LEVEL=error git branch
DEBUG: LC_ALL=C JX_LOG_LEVEL=error git checkout master
DEBUG: ran git checkout master in 
DEBUG: LC_ALL=C JX_LOG_LEVEL=error git reset --hard 24e87e26927575ad69652213fdc75aa24fa2ebdd
DEBUG: ran git reset --hard 24e87e26927575ad69652213fdc75aa24fa2ebdd in 
DEBUG: LC_ALL=C JX_LOG_LEVEL=error git clean -fd .
DEBUG: ran clean --force -d . in 
DEBUG: LC_ALL=C JX_LOG_LEVEL=error git merge aab6ce7685d6b903f00148ebfdb9c32591506a0d
DEBUG: ran git merge aab6ce7685d6b903f00148ebfdb9c32591506a0d in 
DEBUG: LC_ALL=C JX_LOG_LEVEL=error git log --format=%H%x1f%an%x1f%ae%x1f%cn%x1f%ce%x1f%s%n%b%x1e 24e87e26927575ad69652213fdc75aa24fa2ebdd..HEAD
Merged SHA aab6ce7685d6b903f00148ebfdb9c32591506a0d with commit message 'chore: Promote bdd-spring-1581770370 to version 0.0.1' into base branch master

Showing logs for build [32mcb-kubecd-environment-pr-158-37-l76mw-1[0m stage [32mfrom-build-pack[0m and container [32mstep-build-helm-build[0m
WARNING: No $CHART_REPOSITORY defined so using the default value of: http://jenkins-x-chartmuseum:8080
Adding missing Helm repo: storage.googleapis.com https://storage.googleapis.com/chartmuseum.jenkins-x.io
WARNING: No secrets found on "helm/repos" due: reading the secret "helm/repos" from vault: no secret "helm/repos" not found in vault
Read credentials for https://storage.googleapis.com/chartmuseum.jenkins-x.io from vault helm/repos
Successfully added Helm repository storage.googleapis.com.
Adding missing Helm repo: jenkins-x-chartmuseum http://jenkins-x-chartmuseum:8080
WARNING: No secrets found on "helm/repos" due: reading the secret "helm/repos" from vault: no secret "helm/repos" not found in vault
Read credentials for http://jenkins-x-chartmuseum:8080 from vault helm/repos
Successfully added Helm repository jenkins-x-chartmuseum.
WARNING: No $CHART_REPOSITORY defined so using the default value of: http://jenkins-x-chartmuseum:8080
Adding missing Helm repo: chartmuseum.jenkins-x.io http://chartmuseum.jenkins-x.io
WARNING: No secrets found on "helm/repos" due: reading the secret "helm/repos" from vault: no secret "helm/repos" not found in vault
Read credentials for http://chartmuseum.jenkins-x.io from vault helm/repos
Successfully added Helm repository chartmuseum.jenkins-x.io.
